-------------------------------------------------------------------------------
Test set: com.sun.jsftemplating.layout.template.TemplateReaderTest
-------------------------------------------------------------------------------
Tests run: 5, Failures: 5, Errors: 0, Skipped: 0, Time elapsed: 260.593 sec <<< FAILURE! - in com.sun.jsftemplating.layout.template.TemplateReaderTest
testReadComposition(com.sun.jsftemplating.layout.template.TemplateReaderTest)  Time elapsed: 127.851 sec  <<< FAILURE!
java.lang.AssertionError: java.net.ConnectException: Connection timed out
	at org.junit.Assert.fail(Assert.java:88)
	at com.sun.jsftemplating.layout.template.TemplateReaderTest.testReadComposition(TemplateReaderTest.java:106)

testRead1(com.sun.jsftemplating.layout.template.TemplateReaderTest)  Time elapsed: 0.805 sec  <<< FAILURE!
java.lang.AssertionError: java.net.NoRouteToHostException: No route to host
	at org.junit.Assert.fail(Assert.java:88)
	at com.sun.jsftemplating.layout.template.TemplateReaderTest.testRead1(TemplateReaderTest.java:53)

testSpeed(com.sun.jsftemplating.layout.template.TemplateReaderTest)  Time elapsed: 3.489 sec  <<< FAILURE!
java.lang.AssertionError: null
	at org.junit.Assert.fail(Assert.java:86)
	at org.junit.Assert.fail(Assert.java:95)
	at com.sun.jsftemplating.layout.template.TemplateReaderTest.timeTest(TemplateReaderTest.java:69)
	at com.sun.jsftemplating.layout.template.TemplateReaderTest.testSpeed(TemplateReaderTest.java:75)

testDecorate(com.sun.jsftemplating.layout.template.TemplateReaderTest)  Time elapsed: 127.677 sec  <<< FAILURE!
java.lang.AssertionError: java.net.ConnectException: Connection timed out
	at org.junit.Assert.fail(Assert.java:88)
	at com.sun.jsftemplating.layout.template.TemplateReaderTest.testDecorate(TemplateReaderTest.java:155)

testReadAccuracy(com.sun.jsftemplating.layout.template.TemplateReaderTest)  Time elapsed: 0.768 sec  <<< FAILURE!
java.lang.AssertionError: java.net.NoRouteToHostException: No route to host
	at org.junit.Assert.fail(Assert.java:88)
	at com.sun.jsftemplating.layout.template.TemplateReaderTest.testReadAccuracy(TemplateReaderTest.java:200)

